2026-05-22 11:28:01,647 INFO root Application Started
2026-05-22 11:29:03,411 INFO root Application Started
2026-05-22 11:31:51,670 INFO root Application Started
2026-05-22 11:33:26,914 INFO root Application Started
2026-05-22 11:34:53,597 INFO root Application Started
2026-05-22 11:34:57,931 INFO werkzeug  * Restarting with stat
2026-05-22 11:35:00,233 INFO root Application Started
2026-05-22 11:35:04,798 WARNING werkzeug  * Debugger is active!
2026-05-22 11:35:04,801 INFO werkzeug  * Debugger PIN: 142-725-098
2026-05-22 11:35:21,758 INFO flask_caching Cache used for key: /user/tshirts77c821af612fce01dd769c8cb2f33494
2026-05-22 11:36:03,646 INFO werkzeug  * Detected change in 'D:\\MadHut\\backend_app\\app\\User_Api\\user_login.py', reloading
2026-05-22 11:36:04,308 INFO werkzeug  * Restarting with stat
2026-05-22 11:36:06,820 INFO root Application Started
2026-05-22 11:36:12,957 WARNING werkzeug  * Debugger is active!
2026-05-22 11:36:12,959 INFO werkzeug  * Debugger PIN: 142-725-098
2026-05-22 11:36:18,159 INFO werkzeug  * Detected change in 'D:\\MadHut\\backend_app\\app\\User_Api\\user_login.py', reloading
2026-05-22 11:36:18,899 INFO werkzeug  * Restarting with stat
2026-05-22 11:36:20,867 INFO root Application Started
2026-05-22 11:36:24,816 WARNING werkzeug  * Debugger is active!
2026-05-22 11:36:24,818 INFO werkzeug  * Debugger PIN: 142-725-098
2026-05-22 11:37:18,297 INFO flask_caching Cache used for key: /user/tshirts77c821af612fce01dd769c8cb2f33494
2026-05-22 11:37:18,344 INFO flask_caching Cache used for key: /user/tshirts77c821af612fce01dd769c8cb2f33494
2026-05-22 11:37:19,799 INFO flask_caching Cache used for key: /user/tshirts77c821af612fce01dd769c8cb2f33494
2026-05-22 11:38:05,993 INFO werkzeug  * Detected change in 'D:\\MadHut\\backend_app\\app\\User_Api\\user_login.py', reloading
2026-05-22 11:38:06,397 INFO werkzeug  * Restarting with stat
2026-05-22 11:38:08,626 INFO root Application Started
2026-05-22 11:38:12,560 WARNING werkzeug  * Debugger is active!
2026-05-22 11:38:12,563 INFO werkzeug  * Debugger PIN: 142-725-098
2026-05-22 11:41:09,917 INFO werkzeug  * Detected change in 'D:\\MadHut\\backend_app\\app\\User_Api\\user_login.py', reloading
2026-05-22 11:41:10,636 INFO werkzeug  * Restarting with stat
2026-05-22 11:42:21,059 INFO root Application Started
2026-05-22 11:42:25,298 INFO werkzeug  * Restarting with stat
2026-05-22 11:42:27,459 INFO root Application Started
2026-05-22 11:42:31,573 WARNING werkzeug  * Debugger is active!
2026-05-22 11:42:31,576 INFO werkzeug  * Debugger PIN: 142-725-098
2026-05-22 11:44:07,474 INFO werkzeug  * Detected change in 'D:\\MadHut\\backend_app\\app\\__init__.py', reloading
2026-05-22 11:44:08,031 INFO werkzeug  * Restarting with stat
2026-05-22 11:44:10,290 INFO root Application Started
2026-05-22 11:44:18,077 INFO root Application Started
2026-05-22 11:44:22,134 INFO werkzeug  * Restarting with stat
2026-05-22 11:44:24,238 INFO root Application Started
2026-05-22 11:44:28,452 WARNING werkzeug  * Debugger is active!
2026-05-22 11:44:28,455 INFO werkzeug  * Debugger PIN: 142-725-098
2026-05-22 11:44:39,845 INFO werkzeug  * Detected change in 'D:\\MadHut\\backend_app\\app\\__init__.py', reloading
2026-05-22 11:44:40,319 INFO werkzeug  * Restarting with stat
2026-05-22 11:44:58,995 INFO root Application Started
2026-05-22 11:45:03,169 INFO werkzeug  * Restarting with stat
2026-05-22 11:45:05,155 INFO root Application Started
2026-05-22 11:45:09,187 WARNING werkzeug  * Debugger is active!
2026-05-22 11:45:09,189 INFO werkzeug  * Debugger PIN: 142-725-098
2026-05-22 11:45:46,309 INFO werkzeug  * Detected change in 'D:\\MadHut\\backend_app\\app\\__init__.py', reloading
2026-05-22 11:45:47,068 INFO werkzeug  * Restarting with stat
2026-05-22 11:46:08,382 INFO root Application Started
2026-05-22 11:46:12,843 INFO werkzeug  * Restarting with stat
2026-05-22 11:46:15,007 INFO root Application Started
2026-05-22 11:46:20,146 WARNING werkzeug  * Debugger is active!
2026-05-22 11:46:20,149 INFO werkzeug  * Debugger PIN: 142-725-098
2026-05-22 11:47:45,829 INFO root Application Started
2026-05-22 11:47:50,552 INFO werkzeug  * Restarting with stat
2026-05-22 11:47:52,846 INFO root Application Started
2026-05-22 11:47:57,193 WARNING werkzeug  * Debugger is active!
2026-05-22 11:47:57,196 INFO werkzeug  * Debugger PIN: 142-725-098
2026-05-22 11:48:07,981 INFO app.User_Api.user_login Firebase verified for harsh844509@gmail.com
2026-05-22 11:48:35,537 INFO werkzeug  * Detected change in 'D:\\MadHut\\backend_app\\app\\User_Api\\user_login.py', reloading
2026-05-22 11:48:36,055 INFO werkzeug  * Restarting with stat
2026-05-22 11:48:38,036 INFO root Application Started
2026-05-22 11:48:43,063 WARNING werkzeug  * Debugger is active!
2026-05-22 11:48:43,066 INFO werkzeug  * Debugger PIN: 142-725-098
2026-05-22 11:48:45,171 INFO werkzeug  * Detected change in 'D:\\MadHut\\backend_app\\app\\User_Api\\user_login.py', reloading
2026-05-22 11:48:45,926 INFO werkzeug  * Restarting with stat
2026-05-22 11:48:48,630 INFO root Application Started
2026-05-22 11:48:53,721 WARNING werkzeug  * Debugger is active!
2026-05-22 11:48:53,724 INFO werkzeug  * Debugger PIN: 142-725-098
2026-05-22 11:48:56,854 INFO werkzeug  * Detected change in 'D:\\MadHut\\backend_app\\app\\User_Api\\user_login.py', reloading
2026-05-22 11:48:57,574 INFO werkzeug  * Restarting with stat
2026-05-22 11:48:59,807 INFO root Application Started
2026-05-22 11:49:32,305 INFO root Application Started
2026-05-22 11:49:36,374 INFO werkzeug  * Restarting with stat
2026-05-22 11:49:38,450 INFO root Application Started
2026-05-22 11:49:42,717 WARNING werkzeug  * Debugger is active!
2026-05-22 11:49:42,719 INFO werkzeug  * Debugger PIN: 142-725-098
2026-05-22 11:49:49,097 INFO app.User_Api.user_login Firebase verified for harsh844509@gmail.com
2026-05-22 11:50:34,074 INFO flask_caching Cache used for key: /user/tshirts77c821af612fce01dd769c8cb2f33494
2026-05-22 11:57:25,726 INFO werkzeug  * Detected change in 'D:\\MadHut\\backend_app\\app\\User_Api\\user_login.py', reloading
2026-05-22 11:57:26,167 INFO werkzeug  * Restarting with stat
